[ 2015-06-11T22:08:54+08:00 ] 127.0.0.1 /yyw/
ERR: Accès refusé pour l'utilisateur: 'jywcs'@'@localhost' (mot de passe: OUI)

[ 2015-06-11T22:09:32+08:00 ] 127.0.0.1 /yyw/
ERR: Accès refusé pour l'utilisateur: 'jywcs'@'@localhost' (mot de passe: OUI)

[ 2015-06-11T22:09:34+08:00 ] 127.0.0.1 /yyw/
ERR: Accès refusé pour l'utilisateur: 'jywcs'@'@localhost' (mot de passe: OUI)

[ 2015-06-11T22:10:35+08:00 ] 127.0.0.1 /yyw/
ERR: Accès refusé pour l'utilisateur: 'jywcs'@'@localhost' (mot de passe: OUI)

[ 2015-06-11T22:10:36+08:00 ] 127.0.0.1 /yyw/
ERR: Accès refusé pour l'utilisateur: 'jywcs'@'@localhost' (mot de passe: OUI)

[ 2015-06-11T22:10:36+08:00 ] 127.0.0.1 /yyw/
ERR: Accès refusé pour l'utilisateur: 'jywcs'@'@localhost' (mot de passe: OUI)

[ 2015-06-11T22:10:36+08:00 ] 127.0.0.1 /yyw/
ERR: Accès refusé pour l'utilisateur: 'jywcs'@'@localhost' (mot de passe: OUI)

[ 2015-06-11T22:10:36+08:00 ] 127.0.0.1 /yyw/
ERR: Accès refusé pour l'utilisateur: 'jywcs'@'@localhost' (mot de passe: OUI)

[ 2015-06-11T22:10:36+08:00 ] 127.0.0.1 /yyw/
ERR: Accès refusé pour l'utilisateur: 'jywcs'@'@localhost' (mot de passe: OUI)

[ 2015-06-11T22:10:37+08:00 ] 127.0.0.1 /yyw/
ERR: Accès refusé pour l'utilisateur: 'jywcs'@'@localhost' (mot de passe: OUI)

[ 2015-06-11T22:10:37+08:00 ] 127.0.0.1 /yyw/
ERR: Accès refusé pour l'utilisateur: 'jywcs'@'@localhost' (mot de passe: OUI)

[ 2015-06-11T22:10:37+08:00 ] 127.0.0.1 /yyw/
ERR: Accès refusé pour l'utilisateur: 'jywcs'@'@localhost' (mot de passe: OUI)

[ 2015-06-11T22:10:37+08:00 ] 127.0.0.1 /yyw/
ERR: Accès refusé pour l'utilisateur: 'jywcs'@'@localhost' (mot de passe: OUI)

[ 2015-06-11T22:10:37+08:00 ] 127.0.0.1 /yyw/
ERR: Accès refusé pour l'utilisateur: 'jywcs'@'@localhost' (mot de passe: OUI)

[ 2015-06-11T22:10:38+08:00 ] 127.0.0.1 /yyw/
ERR: Accès refusé pour l'utilisateur: 'jywcs'@'@localhost' (mot de passe: OUI)

[ 2015-06-11T22:10:38+08:00 ] 127.0.0.1 /yyw/
ERR: Accès refusé pour l'utilisateur: 'jywcs'@'@localhost' (mot de passe: OUI)

[ 2015-06-11T22:10:38+08:00 ] 127.0.0.1 /yyw/
ERR: Accès refusé pour l'utilisateur: 'jywcs'@'@localhost' (mot de passe: OUI)

[ 2015-06-11T22:10:38+08:00 ] 127.0.0.1 /yyw/
ERR: Accès refusé pour l'utilisateur: 'jywcs'@'@localhost' (mot de passe: OUI)

[ 2015-06-11T22:10:47+08:00 ] 127.0.0.1 /yyw/
ERR: Accès refusé pour l'utilisateur: 'jywcs'@'@localhost' (mot de passe: OUI)

[ 2015-06-11T22:10:59+08:00 ] 127.0.0.1 /yyw/
ERR: Accès refusé pour l'utilisateur: 'jywcs'@'@localhost' (mot de passe: OUI)

[ 2015-06-11T22:11:05+08:00 ] 127.0.0.1 /yyw/
ERR: Accès refusé pour l'utilisateur: 'jywcs'@'@localhost' (mot de passe: OUI)

[ 2015-06-11T22:13:08+08:00 ] 127.0.0.1 /yyw/index.php
ERR: Accès refusé pour l'utilisateur: 'jywcs'@'@localhost' (mot de passe: OUI)

[ 2015-06-11T22:14:00+08:00 ] 127.0.0.1 /yyw/index.php
ERR: Accès refusé pour l'utilisateur: 'jywcs'@'@localhost' (mot de passe: OUI)

[ 2015-06-11T22:14:03+08:00 ] 127.0.0.1 /yyw/index.php
ERR: Accès refusé pour l'utilisateur: 'jywcs'@'@localhost' (mot de passe: OUI)

[ 2015-06-11T22:14:03+08:00 ] 127.0.0.1 /yyw/index.php
ERR: Accès refusé pour l'utilisateur: 'jywcs'@'@localhost' (mot de passe: OUI)

[ 2015-06-11T22:14:04+08:00 ] 127.0.0.1 /yyw/index.php
ERR: Accès refusé pour l'utilisateur: 'jywcs'@'@localhost' (mot de passe: OUI)

[ 2015-06-11T22:14:04+08:00 ] 127.0.0.1 /yyw/index.php
ERR: Accès refusé pour l'utilisateur: 'jywcs'@'@localhost' (mot de passe: OUI)

[ 2015-06-11T22:14:04+08:00 ] 127.0.0.1 /yyw/index.php
ERR: Accès refusé pour l'utilisateur: 'jywcs'@'@localhost' (mot de passe: OUI)

[ 2015-06-11T22:14:04+08:00 ] 127.0.0.1 /yyw/index.php
ERR: Accès refusé pour l'utilisateur: 'jywcs'@'@localhost' (mot de passe: OUI)

[ 2015-06-11T22:14:04+08:00 ] 127.0.0.1 /yyw/index.php
ERR: Accès refusé pour l'utilisateur: 'jywcs'@'@localhost' (mot de passe: OUI)

[ 2015-06-11T22:14:05+08:00 ] 127.0.0.1 /yyw/index.php
ERR: Accès refusé pour l'utilisateur: 'jywcs'@'@localhost' (mot de passe: OUI)

[ 2015-06-11T22:14:05+08:00 ] 127.0.0.1 /yyw/index.php
ERR: Accès refusé pour l'utilisateur: 'jywcs'@'@localhost' (mot de passe: OUI)

[ 2015-06-11T22:14:05+08:00 ] 127.0.0.1 /yyw/index.php
ERR: Accès refusé pour l'utilisateur: 'jywcs'@'@localhost' (mot de passe: OUI)

[ 2015-06-11T22:14:05+08:00 ] 127.0.0.1 /yyw/index.php
ERR: Accès refusé pour l'utilisateur: 'jywcs'@'@localhost' (mot de passe: OUI)

[ 2015-06-11T22:14:05+08:00 ] 127.0.0.1 /yyw/index.php
ERR: Accès refusé pour l'utilisateur: 'jywcs'@'@localhost' (mot de passe: OUI)

[ 2015-06-11T22:14:06+08:00 ] 127.0.0.1 /yyw/index.php
ERR: Accès refusé pour l'utilisateur: 'jywcs'@'@localhost' (mot de passe: OUI)

[ 2015-06-11T22:14:06+08:00 ] 127.0.0.1 /yyw/index.php
ERR: Accès refusé pour l'utilisateur: 'jywcs'@'@localhost' (mot de passe: OUI)

[ 2015-06-11T22:14:06+08:00 ] 127.0.0.1 /yyw/index.php
ERR: Accès refusé pour l'utilisateur: 'jywcs'@'@localhost' (mot de passe: OUI)

[ 2015-06-11T22:14:35+08:00 ] 127.0.0.1 /yyw/index.php
ERR: Accès refusé pour l'utilisateur: 'jywcs'@'@localhost' (mot de passe: OUI)

[ 2015-06-11T22:14:52+08:00 ] 127.0.0.1 /yyw/index.php
ERR: Accès refusé pour l'utilisateur: 'jywcs'@'@localhost' (mot de passe: OUI)

[ 2015-06-11T22:14:52+08:00 ] 127.0.0.1 /yyw/index.php
ERR: Accès refusé pour l'utilisateur: 'jywcs'@'@localhost' (mot de passe: OUI)

[ 2015-06-11T22:14:53+08:00 ] 127.0.0.1 /yyw/index.php
ERR: Accès refusé pour l'utilisateur: 'jywcs'@'@localhost' (mot de passe: OUI)

[ 2015-06-11T22:14:53+08:00 ] 127.0.0.1 /yyw/index.php
ERR: Accès refusé pour l'utilisateur: 'jywcs'@'@localhost' (mot de passe: OUI)

[ 2015-06-11T22:14:53+08:00 ] 127.0.0.1 /yyw/index.php
ERR: Accès refusé pour l'utilisateur: 'jywcs'@'@localhost' (mot de passe: OUI)

[ 2015-06-11T22:15:41+08:00 ] 127.0.0.1 /yyw/index.php
ERR: Accès refusé pour l'utilisateur: 'jywcs'@'@localhost' (mot de passe: OUI)

[ 2015-06-11T22:15:42+08:00 ] 127.0.0.1 /yyw/index.php
ERR: Accès refusé pour l'utilisateur: 'jywcs'@'@localhost' (mot de passe: OUI)

[ 2015-06-11T22:15:42+08:00 ] 127.0.0.1 /yyw/index.php
ERR: Accès refusé pour l'utilisateur: 'jywcs'@'@localhost' (mot de passe: OUI)

[ 2015-06-11T22:15:43+08:00 ] 127.0.0.1 /yyw/index.php
ERR: Accès refusé pour l'utilisateur: 'jywcs'@'@localhost' (mot de passe: OUI)

[ 2015-06-11T22:15:43+08:00 ] 127.0.0.1 /yyw/index.php
ERR: Accès refusé pour l'utilisateur: 'jywcs'@'@localhost' (mot de passe: OUI)

[ 2015-06-11T22:15:43+08:00 ] 127.0.0.1 /yyw/index.php
ERR: Accès refusé pour l'utilisateur: 'jywcs'@'@localhost' (mot de passe: OUI)

[ 2015-06-11T22:15:43+08:00 ] 127.0.0.1 /yyw/index.php
ERR: Accès refusé pour l'utilisateur: 'jywcs'@'@localhost' (mot de passe: OUI)

[ 2015-06-11T22:15:43+08:00 ] 127.0.0.1 /yyw/index.php
ERR: Accès refusé pour l'utilisateur: 'jywcs'@'@localhost' (mot de passe: OUI)

[ 2015-06-11T22:15:44+08:00 ] 127.0.0.1 /yyw/index.php
ERR: Accès refusé pour l'utilisateur: 'jywcs'@'@localhost' (mot de passe: OUI)

[ 2015-06-11T22:15:44+08:00 ] 127.0.0.1 /yyw/index.php
ERR: Accès refusé pour l'utilisateur: 'jywcs'@'@localhost' (mot de passe: OUI)

[ 2015-06-11T22:15:44+08:00 ] 127.0.0.1 /yyw/index.php
ERR: Accès refusé pour l'utilisateur: 'jywcs'@'@localhost' (mot de passe: OUI)

[ 2015-06-11T22:15:45+08:00 ] 127.0.0.1 /yyw/index.php
ERR: Accès refusé pour l'utilisateur: 'jywcs'@'@localhost' (mot de passe: OUI)

[ 2015-06-11T22:15:45+08:00 ] 127.0.0.1 /yyw/index.php
ERR: Accès refusé pour l'utilisateur: 'jywcs'@'@localhost' (mot de passe: OUI)

[ 2015-06-11T22:15:45+08:00 ] 127.0.0.1 /yyw/index.php
ERR: Accès refusé pour l'utilisateur: 'jywcs'@'@localhost' (mot de passe: OUI)

[ 2015-06-11T22:15:45+08:00 ] 127.0.0.1 /yyw/index.php
ERR: Accès refusé pour l'utilisateur: 'jywcs'@'@localhost' (mot de passe: OUI)

[ 2015-06-11T22:15:45+08:00 ] 127.0.0.1 /yyw/index.php
ERR: Accès refusé pour l'utilisateur: 'jywcs'@'@localhost' (mot de passe: OUI)

[ 2015-06-11T22:15:46+08:00 ] 127.0.0.1 /yyw/index.php
ERR: Accès refusé pour l'utilisateur: 'jywcs'@'@localhost' (mot de passe: OUI)

[ 2015-06-11T22:15:46+08:00 ] 127.0.0.1 /yyw/index.php
ERR: Accès refusé pour l'utilisateur: 'jywcs'@'@localhost' (mot de passe: OUI)

[ 2015-06-11T22:15:46+08:00 ] 127.0.0.1 /yyw/index.php
ERR: Accès refusé pour l'utilisateur: 'jywcs'@'@localhost' (mot de passe: OUI)

[ 2015-06-11T22:15:46+08:00 ] 127.0.0.1 /yyw/index.php
ERR: Accès refusé pour l'utilisateur: 'jywcs'@'@localhost' (mot de passe: OUI)

[ 2015-06-11T22:15:46+08:00 ] 127.0.0.1 /yyw/index.php
ERR: Accès refusé pour l'utilisateur: 'jywcs'@'@localhost' (mot de passe: OUI)

[ 2015-06-11T22:15:47+08:00 ] 127.0.0.1 /yyw/index.php
ERR: Accès refusé pour l'utilisateur: 'jywcs'@'@localhost' (mot de passe: OUI)

[ 2015-06-11T22:15:47+08:00 ] 127.0.0.1 /yyw/index.php
ERR: Accès refusé pour l'utilisateur: 'jywcs'@'@localhost' (mot de passe: OUI)

[ 2015-06-11T22:15:47+08:00 ] 127.0.0.1 /yyw/index.php
ERR: Accès refusé pour l'utilisateur: 'jywcs'@'@localhost' (mot de passe: OUI)

[ 2015-06-11T22:15:47+08:00 ] 127.0.0.1 /yyw/index.php
ERR: Accès refusé pour l'utilisateur: 'jywcs'@'@localhost' (mot de passe: OUI)

[ 2015-06-11T22:15:47+08:00 ] 127.0.0.1 /yyw/index.php
ERR: Accès refusé pour l'utilisateur: 'jywcs'@'@localhost' (mot de passe: OUI)

[ 2015-06-11T22:15:49+08:00 ] 127.0.0.1 /yyw/index.php
ERR: Accès refusé pour l'utilisateur: 'jywcs'@'@localhost' (mot de passe: OUI)

[ 2015-06-11T22:32:05+08:00 ] 127.0.0.1 /yyw/index.php
ERR: Accès refusé pour l'utilisateur: 'jywcs'@'@localhost' (mot de passe: OUI)

[ 2015-06-11T22:33:51+08:00 ] 127.0.0.1 /yyw/index.php/Home/District/loaddist
INFO: [ app_begin ] --START--
INFO: Run Behavior\ReadHtmlCacheBehavior [ RunTime:0.001000s ]
INFO: [ app_begin ] --END-- [ RunTime:0.002000s ]
NOTIC: [8192] mysql_connect(): The mysql extension is deprecated and will be removed in the future: use mysqli or PDO instead F:\wamp\www\yyw\ThinkPHP\Library\Think\Db\Driver\Mysql.class.php ç¬¬ 52 è¡Œ.
SQL: SHOW COLUMNS FROM `yyw_district` [ RunTime:0.005000s ]
SQL: SELECT * FROM `yyw_district` WHERE ( upid=0 )  [ RunTime:0.073005s ]

[ 2015-06-11T22:34:40+08:00 ] 127.0.0.1 /yyw/index.php/Home/District/loaddist
INFO: [ app_begin ] --START--
INFO: Run Behavior\ReadHtmlCacheBehavior [ RunTime:0.002001s ]
INFO: [ app_begin ] --END-- [ RunTime:0.003001s ]
NOTIC: [8192] mysql_connect(): The mysql extension is deprecated and will be removed in the future: use mysqli or PDO instead F:\wamp\www\yyw\ThinkPHP\Library\Think\Db\Driver\Mysql.class.php ç¬¬ 52 è¡Œ.
SQL: SHOW COLUMNS FROM `yyw_district` [ RunTime:0.008001s ]
SQL: SELECT * FROM `yyw_district` WHERE ( upid=0 )  [ RunTime:0.001000s ]

[ 2015-06-11T22:35:19+08:00 ] 127.0.0.1 /yyw/index.php/Home/District/loaddist
INFO: [ app_begin ] --START--
INFO: Run Behavior\ReadHtmlCacheBehavior [ RunTime:0.002000s ]
INFO: [ app_begin ] --END-- [ RunTime:0.003000s ]
NOTIC: [8192] mysql_connect(): The mysql extension is deprecated and will be removed in the future: use mysqli or PDO instead F:\wamp\www\yyw\ThinkPHP\Library\Think\Db\Driver\Mysql.class.php ç¬¬ 52 è¡Œ.
SQL: SHOW COLUMNS FROM `yyw_district` [ RunTime:0.037002s ]
SQL: SELECT * FROM `yyw_district` WHERE ( upid=0 )  [ RunTime:0.001000s ]

[ 2015-06-11T22:35:37+08:00 ] 127.0.0.1 /yyw/index.php/Home/District/loaddist
INFO: [ app_begin ] --START--
INFO: Run Behavior\ReadHtmlCacheBehavior [ RunTime:0.003000s ]
INFO: [ app_begin ] --END-- [ RunTime:0.004001s ]
NOTIC: [8192] mysql_connect(): The mysql extension is deprecated and will be removed in the future: use mysqli or PDO instead F:\wamp\www\yyw\ThinkPHP\Library\Think\Db\Driver\Mysql.class.php ç¬¬ 52 è¡Œ.
SQL: SHOW COLUMNS FROM `yyw_district` [ RunTime:0.038002s ]
SQL: SELECT * FROM `yyw_district` WHERE ( upid=0 )  [ RunTime:0.002000s ]

[ 2015-06-11T22:35:59+08:00 ] 127.0.0.1 /yyw/index.php/Home/Message/noRead
INFO: [ app_begin ] --START--
INFO: Run Behavior\ReadHtmlCacheBehavior [ RunTime:0.002001s ]
INFO: [ app_begin ] --END-- [ RunTime:0.004001s ]
NOTIC: [8192] mysql_connect(): The mysql extension is deprecated and will be removed in the future: use mysqli or PDO instead F:\wamp\www\yyw\ThinkPHP\Library\Think\Db\Driver\Mysql.class.php ç¬¬ 52 è¡Œ.
SQL: SHOW COLUMNS FROM `yyw_user` [ RunTime:0.009001s ]
NOTIC: [2] Missing argument 1 for Think\Model::field(), called in F:\wamp\www\yyw\App\Home\Controller\CommonController.class.php on line 13 and defined F:\wamp\www\yyw\ThinkPHP\Library\Think\Model.class.php ç¬¬ 1541 è¡Œ.
NOTIC: [8] Undefined variable: field F:\wamp\www\yyw\ThinkPHP\Library\Think\Model.class.php ç¬¬ 1542 è¡Œ.
NOTIC: [8] Undefined variable: field F:\wamp\www\yyw\ThinkPHP\Library\Think\Model.class.php ç¬¬ 1552 è¡Œ.
SQL: SELECT * FROM `yyw_user` WHERE ( `id` = 138 ) LIMIT 1   [ RunTime:0.001000s ]
SQL: SHOW COLUMNS FROM `yyw_user_message` [ RunTime:0.009001s ]
SQL: SELECT COUNT(*) AS tp_count FROM `yyw_user_message` WHERE ( receiveid=138 and status = 1 ) LIMIT 1   [ RunTime:0.000000s ]

[ 2015-06-11T22:35:59+08:00 ] 127.0.0.1 /yyw/index.php/Home/District/loaddist
INFO: [ app_begin ] --START--
INFO: Run Behavior\ReadHtmlCacheBehavior [ RunTime:0.003000s ]
INFO: [ app_begin ] --END-- [ RunTime:0.004001s ]
NOTIC: [8192] mysql_connect(): The mysql extension is deprecated and will be removed in the future: use mysqli or PDO instead F:\wamp\www\yyw\ThinkPHP\Library\Think\Db\Driver\Mysql.class.php ç¬¬ 52 è¡Œ.
SQL: SHOW COLUMNS FROM `yyw_district` [ RunTime:0.009001s ]
SQL: SELECT * FROM `yyw_district` WHERE ( upid=0 )  [ RunTime:0.002000s ]

[ 2015-06-11T22:36:20+08:00 ] 127.0.0.1 /yyw/index.php/Home/District/loaddist
INFO: [ app_begin ] --START--
INFO: Run Behavior\ReadHtmlCacheBehavior [ RunTime:0.002000s ]
INFO: [ app_begin ] --END-- [ RunTime:0.006000s ]
NOTIC: [8192] mysql_connect(): The mysql extension is deprecated and will be removed in the future: use mysqli or PDO instead F:\wamp\www\yyw\ThinkPHP\Library\Think\Db\Driver\Mysql.class.php ç¬¬ 52 è¡Œ.
SQL: SHOW COLUMNS FROM `yyw_district` [ RunTime:0.007001s ]
SQL: SELECT * FROM `yyw_district` WHERE ( upid=0 )  [ RunTime:0.001000s ]

[ 2015-06-11T22:36:22+08:00 ] 127.0.0.1 /yyw/index.php/Home/District/loaddist
INFO: [ app_begin ] --START--
INFO: Run Behavior\ReadHtmlCacheBehavior [ RunTime:0.001000s ]
INFO: [ app_begin ] --END-- [ RunTime:0.003000s ]
NOTIC: [8192] mysql_connect(): The mysql extension is deprecated and will be removed in the future: use mysqli or PDO instead F:\wamp\www\yyw\ThinkPHP\Library\Think\Db\Driver\Mysql.class.php ç¬¬ 52 è¡Œ.
SQL: SHOW COLUMNS FROM `yyw_district` [ RunTime:0.010001s ]
SQL: SELECT * FROM `yyw_district` WHERE ( upid=0 )  [ RunTime:0.001000s ]

[ 2015-06-11T22:36:22+08:00 ] 127.0.0.1 /yyw/index.php/Home/Message/noRead
INFO: [ app_begin ] --START--
INFO: Run Behavior\ReadHtmlCacheBehavior [ RunTime:0.002001s ]
INFO: [ app_begin ] --END-- [ RunTime:0.003001s ]
NOTIC: [8192] mysql_connect(): The mysql extension is deprecated and will be removed in the future: use mysqli or PDO instead F:\wamp\www\yyw\ThinkPHP\Library\Think\Db\Driver\Mysql.class.php ç¬¬ 52 è¡Œ.
SQL: SHOW COLUMNS FROM `yyw_user` [ RunTime:0.008001s ]
NOTIC: [2] Missing argument 1 for Think\Model::field(), called in F:\wamp\www\yyw\App\Home\Controller\CommonController.class.php on line 13 and defined F:\wamp\www\yyw\ThinkPHP\Library\Think\Model.class.php ç¬¬ 1541 è¡Œ.
NOTIC: [8] Undefined variable: field F:\wamp\www\yyw\ThinkPHP\Library\Think\Model.class.php ç¬¬ 1542 è¡Œ.
NOTIC: [8] Undefined variable: field F:\wamp\www\yyw\ThinkPHP\Library\Think\Model.class.php ç¬¬ 1552 è¡Œ.
SQL: SELECT * FROM `yyw_user` WHERE ( `id` = 138 ) LIMIT 1   [ RunTime:0.001000s ]
SQL: SHOW COLUMNS FROM `yyw_user_message` [ RunTime:0.008000s ]
SQL: SELECT COUNT(*) AS tp_count FROM `yyw_user_message` WHERE ( receiveid=138 and status = 1 ) LIMIT 1   [ RunTime:0.001000s ]

[ 2015-06-11T22:39:31+08:00 ] 127.0.0.1 /yyw/index.php/Home/District/loaddist
INFO: [ app_begin ] --START--
INFO: Run Behavior\ReadHtmlCacheBehavior [ RunTime:0.002000s ]
INFO: [ app_begin ] --END-- [ RunTime:0.002000s ]
NOTIC: [8192] mysql_connect(): The mysql extension is deprecated and will be removed in the future: use mysqli or PDO instead F:\wamp\www\yyw\ThinkPHP\Library\Think\Db\Driver\Mysql.class.php ç¬¬ 52 è¡Œ.
SQL: SHOW COLUMNS FROM `yyw_district` [ RunTime:0.006000s ]
SQL: SELECT * FROM `yyw_district` WHERE ( upid=0 )  [ RunTime:0.001000s ]

[ 2015-06-11T22:48:01+08:00 ] 127.0.0.1 /yyw/index.php/Home/District/loaddist
INFO: [ app_begin ] --START--
INFO: Run Behavior\ReadHtmlCacheBehavior [ RunTime:0.002000s ]
INFO: [ app_begin ] --END-- [ RunTime:0.004000s ]
NOTIC: [8192] mysql_connect(): The mysql extension is deprecated and will be removed in the future: use mysqli or PDO instead F:\wamp\www\yyw\ThinkPHP\Library\Think\Db\Driver\Mysql.class.php ç¬¬ 52 è¡Œ.
SQL: SHOW COLUMNS FROM `yyw_district` [ RunTime:0.008000s ]
SQL: SELECT * FROM `yyw_district` WHERE ( upid=0 )  [ RunTime:0.002000s ]

[ 2015-06-11T22:48:01+08:00 ] 127.0.0.1 /yyw/index.php/Home/Message/noRead
INFO: [ app_begin ] --START--
INFO: Run Behavior\ReadHtmlCacheBehavior [ RunTime:0.002000s ]
INFO: [ app_begin ] --END-- [ RunTime:0.004000s ]
NOTIC: [8192] mysql_connect(): The mysql extension is deprecated and will be removed in the future: use mysqli or PDO instead F:\wamp\www\yyw\ThinkPHP\Library\Think\Db\Driver\Mysql.class.php ç¬¬ 52 è¡Œ.
SQL: SHOW COLUMNS FROM `yyw_user` [ RunTime:0.008001s ]
NOTIC: [2] Missing argument 1 for Think\Model::field(), called in F:\wamp\www\yyw\App\Home\Controller\CommonController.class.php on line 13 and defined F:\wamp\www\yyw\ThinkPHP\Library\Think\Model.class.php ç¬¬ 1541 è¡Œ.
NOTIC: [8] Undefined variable: field F:\wamp\www\yyw\ThinkPHP\Library\Think\Model.class.php ç¬¬ 1542 è¡Œ.
NOTIC: [8] Undefined variable: field F:\wamp\www\yyw\ThinkPHP\Library\Think\Model.class.php ç¬¬ 1552 è¡Œ.
SQL: SELECT * FROM `yyw_user` WHERE ( `id` = 138 ) LIMIT 1   [ RunTime:0.000000s ]
SQL: SHOW COLUMNS FROM `yyw_user_message` [ RunTime:0.009000s ]
SQL: SELECT COUNT(*) AS tp_count FROM `yyw_user_message` WHERE ( receiveid=138 and status = 1 ) LIMIT 1   [ RunTime:0.001000s ]

[ 2015-06-11T22:51:16+08:00 ] 127.0.0.1 /yyw/index.php/Home/District/loaddist
INFO: [ app_begin ] --START--
INFO: Run Behavior\ReadHtmlCacheBehavior [ RunTime:0.003001s ]
INFO: [ app_begin ] --END-- [ RunTime:0.004001s ]
NOTIC: [8192] mysql_connect(): The mysql extension is deprecated and will be removed in the future: use mysqli or PDO instead F:\wamp\www\yyw\ThinkPHP\Library\Think\Db\Driver\Mysql.class.php ç¬¬ 52 è¡Œ.
SQL: SHOW COLUMNS FROM `yyw_district` [ RunTime:0.007000s ]
SQL: SELECT * FROM `yyw_district` WHERE ( upid=0 )  [ RunTime:0.001001s ]

[ 2015-06-11T22:51:16+08:00 ] 127.0.0.1 /yyw/index.php/Home/Message/noRead
INFO: [ app_begin ] --START--
INFO: Run Behavior\ReadHtmlCacheBehavior [ RunTime:0.003000s ]
INFO: [ app_begin ] --END-- [ RunTime:0.004000s ]
NOTIC: [8192] mysql_connect(): The mysql extension is deprecated and will be removed in the future: use mysqli or PDO instead F:\wamp\www\yyw\ThinkPHP\Library\Think\Db\Driver\Mysql.class.php ç¬¬ 52 è¡Œ.
SQL: SHOW COLUMNS FROM `yyw_user` [ RunTime:0.011001s ]
NOTIC: [2] Missing argument 1 for Think\Model::field(), called in F:\wamp\www\yyw\App\Home\Controller\CommonController.class.php on line 13 and defined F:\wamp\www\yyw\ThinkPHP\Library\Think\Model.class.php ç¬¬ 1541 è¡Œ.
NOTIC: [8] Undefined variable: field F:\wamp\www\yyw\ThinkPHP\Library\Think\Model.class.php ç¬¬ 1542 è¡Œ.
NOTIC: [8] Undefined variable: field F:\wamp\www\yyw\ThinkPHP\Library\Think\Model.class.php ç¬¬ 1552 è¡Œ.
SQL: SELECT * FROM `yyw_user` WHERE ( `id` = 138 ) LIMIT 1   [ RunTime:0.001000s ]
SQL: SHOW COLUMNS FROM `yyw_user_message` [ RunTime:0.008001s ]
SQL: SELECT COUNT(*) AS tp_count FROM `yyw_user_message` WHERE ( receiveid=138 and status = 1 ) LIMIT 1   [ RunTime:0.001000s ]

[ 2015-06-11T22:54:51+08:00 ] 127.0.0.1 /yyw/index.php/Home/District/loaddist
INFO: [ app_begin ] --START--
INFO: Run Behavior\ReadHtmlCacheBehavior [ RunTime:0.004000s ]
INFO: [ app_begin ] --END-- [ RunTime:0.006001s ]
NOTIC: [8192] mysql_connect(): The mysql extension is deprecated and will be removed in the future: use mysqli or PDO instead F:\wamp\www\yyw\ThinkPHP\Library\Think\Db\Driver\Mysql.class.php ç¬¬ 52 è¡Œ.
SQL: SHOW COLUMNS FROM `yyw_district` [ RunTime:0.008001s ]
SQL: SELECT * FROM `yyw_district` WHERE ( upid=0 )  [ RunTime:0.002000s ]

[ 2015-06-11T22:54:51+08:00 ] 127.0.0.1 /yyw/index.php/Home/Message/noRead
INFO: [ app_begin ] --START--
INFO: Run Behavior\ReadHtmlCacheBehavior [ RunTime:0.002000s ]
INFO: [ app_begin ] --END-- [ RunTime:0.003001s ]
NOTIC: [8192] mysql_connect(): The mysql extension is deprecated and will be removed in the future: use mysqli or PDO instead F:\wamp\www\yyw\ThinkPHP\Library\Think\Db\Driver\Mysql.class.php ç¬¬ 52 è¡Œ.
SQL: SHOW COLUMNS FROM `yyw_user` [ RunTime:0.008001s ]
NOTIC: [2] Missing argument 1 for Think\Model::field(), called in F:\wamp\www\yyw\App\Home\Controller\CommonController.class.php on line 13 and defined F:\wamp\www\yyw\ThinkPHP\Library\Think\Model.class.php ç¬¬ 1541 è¡Œ.
NOTIC: [8] Undefined variable: field F:\wamp\www\yyw\ThinkPHP\Library\Think\Model.class.php ç¬¬ 1542 è¡Œ.
NOTIC: [8] Undefined variable: field F:\wamp\www\yyw\ThinkPHP\Library\Think\Model.class.php ç¬¬ 1552 è¡Œ.
SQL: SELECT * FROM `yyw_user` WHERE ( `id` = 138 ) LIMIT 1   [ RunTime:0.002000s ]
SQL: SHOW COLUMNS FROM `yyw_user_message` [ RunTime:0.008000s ]
SQL: SELECT COUNT(*) AS tp_count FROM `yyw_user_message` WHERE ( receiveid=138 and status = 1 ) LIMIT 1   [ RunTime:0.002001s ]

[ 2015-06-11T22:57:21+08:00 ] 127.0.0.1 /yyw/index.php/Admin/Advertising/index?_=1434034640966
INFO: [ app_begin ] --START--
INFO: Run Behavior\ReadHtmlCacheBehavior [ RunTime:0.001001s ]
INFO: [ app_begin ] --END-- [ RunTime:0.002001s ]
NOTIC: [8192] mysql_connect(): The mysql extension is deprecated and will be removed in the future: use mysqli or PDO instead F:\wamp\www\yyw\ThinkPHP\Library\Think\Db\Driver\Mysql.class.php ç¬¬ 52 è¡Œ.
SQL: SHOW COLUMNS FROM `yyw_advertising` [ RunTime:0.006001s ]
SQL: SHOW COLUMNS FROM `yyw_advertising` [ RunTime:0.006000s ]
SQL: SELECT COUNT(*) AS tp_count FROM `yyw_advertising` LIMIT 1   [ RunTime:0.000000s ]
SQL: SELECT `id`,`title`,`uploadfiles`,`addtime`,`link` FROM `yyw_advertising` ORDER BY id desc LIMIT 0,10   [ RunTime:0.000000s ]
NOTIC: [8] Undefined variable: search F:\wamp\www\yyw\App\Admin\Controller\AdvertisingController.class.php ç¬¬ 120 è¡Œ.
NOTIC: [8] Undefined index: values F:\wamp\www\yyw\App\Admin\Controller\AdvertisingController.class.php ç¬¬ 121 è¡Œ.
INFO: [ view_parse ] --START--
INFO: [ template_filter ] --START--
INFO: Run Behavior\ContentReplaceBehavior [ RunTime:0.000000s ]
INFO: [ template_filter ] --END-- [ RunTime:0.000000s ]
NOTIC: [8] Undefined index: _order F:\wamp\www\yyw\App\Runtime\Cache\Admin\9f13c833be9a9e2bf0409e09cf2dae64.php ç¬¬ 4 è¡Œ.
NOTIC: [8] Undefined index: _sort F:\wamp\www\yyw\App\Runtime\Cache\Admin\9f13c833be9a9e2bf0409e09cf2dae64.php ç¬¬ 5 è¡Œ.
NOTIC: [8] Undefined index: _order F:\wamp\www\yyw\App\Runtime\Cache\Admin\9f13c833be9a9e2bf0409e09cf2dae64.php ç¬¬ 28 è¡Œ.
INFO: Run Behavior\ParseTemplateBehavior [ RunTime:0.044003s ]
INFO: [ view_parse ] --END-- [ RunTime:0.044003s ]
INFO: [ view_filter ] --START--
INFO: Run Behavior\WriteHtmlCacheBehavior [ RunTime:0.001000s ]
INFO: [ view_filter ] --END-- [ RunTime:0.001000s ]
INFO: [ app_end ] --START--
INFO: Run Behavior\ShowPageTraceBehavior [ RunTime:0.001000s ]
INFO: [ app_end ] --END-- [ RunTime:0.002000s ]

[ 2015-06-11T22:57:37+08:00 ] 127.0.0.1 /yyw/index.php/Admin/Advertising/add?_=1434034657808
INFO: [ app_begin ] --START--
INFO: Run Behavior\ReadHtmlCacheBehavior [ RunTime:0.001000s ]
INFO: [ app_begin ] --END-- [ RunTime:0.001000s ]
INFO: [ view_parse ] --START--
INFO: [ template_filter ] --START--
INFO: Run Behavior\ContentReplaceBehavior [ RunTime:0.000000s ]
INFO: [ template_filter ] --END-- [ RunTime:0.000000s ]
INFO: Run Behavior\ParseTemplateBehavior [ RunTime:0.013001s ]
INFO: [ view_parse ] --END-- [ RunTime:0.013001s ]
INFO: [ view_filter ] --START--
INFO: Run Behavior\WriteHtmlCacheBehavior [ RunTime:0.001000s ]
INFO: [ view_filter ] --END-- [ RunTime:0.001000s ]
INFO: [ app_end ] --START--
INFO: Run Behavior\ShowPageTraceBehavior [ RunTime:0.001000s ]
INFO: [ app_end ] --END-- [ RunTime:0.002000s ]

[ 2015-06-11T22:58:30+08:00 ] 127.0.0.1 /yyw/index.php/Home/District/loaddist
INFO: [ app_begin ] --START--
INFO: Run Behavior\ReadHtmlCacheBehavior [ RunTime:0.003000s ]
INFO: [ app_begin ] --END-- [ RunTime:0.005000s ]
NOTIC: [8192] mysql_connect(): The mysql extension is deprecated and will be removed in the future: use mysqli or PDO instead F:\wamp\www\yyw\ThinkPHP\Library\Think\Db\Driver\Mysql.class.php ç¬¬ 52 è¡Œ.
SQL: SHOW COLUMNS FROM `yyw_district` [ RunTime:0.008000s ]
SQL: SELECT * FROM `yyw_district` WHERE ( upid=0 )  [ RunTime:0.001000s ]

[ 2015-06-11T22:58:30+08:00 ] 127.0.0.1 /yyw/index.php/Home/Message/noRead
INFO: [ app_begin ] --START--
INFO: Run Behavior\ReadHtmlCacheBehavior [ RunTime:0.003001s ]
INFO: [ app_begin ] --END-- [ RunTime:0.005001s ]
NOTIC: [8192] mysql_connect(): The mysql extension is deprecated and will be removed in the future: use mysqli or PDO instead F:\wamp\www\yyw\ThinkPHP\Library\Think\Db\Driver\Mysql.class.php ç¬¬ 52 è¡Œ.
SQL: SHOW COLUMNS FROM `yyw_user` [ RunTime:0.008000s ]
NOTIC: [2] Missing argument 1 for Think\Model::field(), called in F:\wamp\www\yyw\App\Home\Controller\CommonController.class.php on line 13 and defined F:\wamp\www\yyw\ThinkPHP\Library\Think\Model.class.php ç¬¬ 1541 è¡Œ.
NOTIC: [8] Undefined variable: field F:\wamp\www\yyw\ThinkPHP\Library\Think\Model.class.php ç¬¬ 1542 è¡Œ.
NOTIC: [8] Undefined variable: field F:\wamp\www\yyw\ThinkPHP\Library\Think\Model.class.php ç¬¬ 1552 è¡Œ.
SQL: SELECT * FROM `yyw_user` WHERE ( `id` = 138 ) LIMIT 1   [ RunTime:0.002000s ]
SQL: SHOW COLUMNS FROM `yyw_user_message` [ RunTime:0.009000s ]
SQL: SELECT COUNT(*) AS tp_count FROM `yyw_user_message` WHERE ( receiveid=138 and status = 1 ) LIMIT 1   [ RunTime:0.001000s ]

[ 2015-06-11T22:59:04+08:00 ] 127.0.0.1 /yyw/index.php/Home/District/loaddist
INFO: [ app_begin ] --START--
INFO: Run Behavior\ReadHtmlCacheBehavior [ RunTime:0.002000s ]
INFO: [ app_begin ] --END-- [ RunTime:0.005000s ]
NOTIC: [8192] mysql_connect(): The mysql extension is deprecated and will be removed in the future: use mysqli or PDO instead F:\wamp\www\yyw\ThinkPHP\Library\Think\Db\Driver\Mysql.class.php ç¬¬ 52 è¡Œ.
SQL: SHOW COLUMNS FROM `yyw_district` [ RunTime:0.009000s ]
SQL: SELECT * FROM `yyw_district` WHERE ( upid=0 )  [ RunTime:0.002000s ]

[ 2015-06-11T22:59:04+08:00 ] 127.0.0.1 /yyw/index.php/Home/Message/noRead
INFO: [ app_begin ] --START--
INFO: Run Behavior\ReadHtmlCacheBehavior [ RunTime:0.001000s ]
INFO: [ app_begin ] --END-- [ RunTime:0.002000s ]
NOTIC: [8192] mysql_connect(): The mysql extension is deprecated and will be removed in the future: use mysqli or PDO instead F:\wamp\www\yyw\ThinkPHP\Library\Think\Db\Driver\Mysql.class.php ç¬¬ 52 è¡Œ.
SQL: SHOW COLUMNS FROM `yyw_user` [ RunTime:0.010001s ]
NOTIC: [2] Missing argument 1 for Think\Model::field(), called in F:\wamp\www\yyw\App\Home\Controller\CommonController.class.php on line 13 and defined F:\wamp\www\yyw\ThinkPHP\Library\Think\Model.class.php ç¬¬ 1541 è¡Œ.
NOTIC: [8] Undefined variable: field F:\wamp\www\yyw\ThinkPHP\Library\Think\Model.class.php ç¬¬ 1542 è¡Œ.
NOTIC: [8] Undefined variable: field F:\wamp\www\yyw\ThinkPHP\Library\Think\Model.class.php ç¬¬ 1552 è¡Œ.
SQL: SELECT * FROM `yyw_user` WHERE ( `id` = 138 ) LIMIT 1   [ RunTime:0.001000s ]
SQL: SHOW COLUMNS FROM `yyw_user_message` [ RunTime:0.009001s ]
SQL: SELECT COUNT(*) AS tp_count FROM `yyw_user_message` WHERE ( receiveid=138 and status = 1 ) LIMIT 1   [ RunTime:0.001000s ]

[ 2015-06-11T22:59:52+08:00 ] 127.0.0.1 /yyw/index.php/Home/District/loaddist
INFO: [ app_begin ] --START--
INFO: Run Behavior\ReadHtmlCacheBehavior [ RunTime:0.002000s ]
INFO: [ app_begin ] --END-- [ RunTime:0.014001s ]
NOTIC: [8192] mysql_connect(): The mysql extension is deprecated and will be removed in the future: use mysqli or PDO instead F:\wamp\www\yyw\ThinkPHP\Library\Think\Db\Driver\Mysql.class.php ç¬¬ 52 è¡Œ.
SQL: SHOW COLUMNS FROM `yyw_district` [ RunTime:0.010001s ]
SQL: SELECT * FROM `yyw_district` WHERE ( upid=0 )  [ RunTime:0.001000s ]

[ 2015-06-11T22:59:52+08:00 ] 127.0.0.1 /yyw/index.php/Home/Message/noRead
INFO: [ app_begin ] --START--
INFO: Run Behavior\ReadHtmlCacheBehavior [ RunTime:0.003001s ]
INFO: [ app_begin ] --END-- [ RunTime:0.005001s ]
NOTIC: [8192] mysql_connect(): The mysql extension is deprecated and will be removed in the future: use mysqli or PDO instead F:\wamp\www\yyw\ThinkPHP\Library\Think\Db\Driver\Mysql.class.php ç¬¬ 52 è¡Œ.
SQL: SHOW COLUMNS FROM `yyw_user` [ RunTime:0.009001s ]
NOTIC: [2] Missing argument 1 for Think\Model::field(), called in F:\wamp\www\yyw\App\Home\Controller\CommonController.class.php on line 13 and defined F:\wamp\www\yyw\ThinkPHP\Library\Think\Model.class.php ç¬¬ 1541 è¡Œ.
NOTIC: [8] Undefined variable: field F:\wamp\www\yyw\ThinkPHP\Library\Think\Model.class.php ç¬¬ 1542 è¡Œ.
NOTIC: [8] Undefined variable: field F:\wamp\www\yyw\ThinkPHP\Library\Think\Model.class.php ç¬¬ 1552 è¡Œ.
SQL: SELECT * FROM `yyw_user` WHERE ( `id` = 138 ) LIMIT 1   [ RunTime:0.000000s ]
SQL: SHOW COLUMNS FROM `yyw_user_message` [ RunTime:0.008001s ]
SQL: SELECT COUNT(*) AS tp_count FROM `yyw_user_message` WHERE ( receiveid=138 and status = 1 ) LIMIT 1   [ RunTime:0.001000s ]

[ 2015-06-11T23:01:55+08:00 ] 127.0.0.1 /yyw/index.php/Home/Message/noRead
INFO: [ app_begin ] --START--
INFO: Run Behavior\ReadHtmlCacheBehavior [ RunTime:0.001000s ]
INFO: [ app_begin ] --END-- [ RunTime:0.002000s ]
NOTIC: [8192] mysql_connect(): The mysql extension is deprecated and will be removed in the future: use mysqli or PDO instead F:\wamp\www\yyw\ThinkPHP\Library\Think\Db\Driver\Mysql.class.php ç¬¬ 52 è¡Œ.
SQL: SHOW COLUMNS FROM `yyw_user` [ RunTime:0.008000s ]
NOTIC: [2] Missing argument 1 for Think\Model::field(), called in F:\wamp\www\yyw\App\Home\Controller\CommonController.class.php on line 13 and defined F:\wamp\www\yyw\ThinkPHP\Library\Think\Model.class.php ç¬¬ 1541 è¡Œ.
NOTIC: [8] Undefined variable: field F:\wamp\www\yyw\ThinkPHP\Library\Think\Model.class.php ç¬¬ 1542 è¡Œ.
NOTIC: [8] Undefined variable: field F:\wamp\www\yyw\ThinkPHP\Library\Think\Model.class.php ç¬¬ 1552 è¡Œ.
SQL: SELECT * FROM `yyw_user` WHERE ( `id` = 138 ) LIMIT 1   [ RunTime:0.001001s ]
SQL: SHOW COLUMNS FROM `yyw_user_message` [ RunTime:0.008000s ]
SQL: SELECT COUNT(*) AS tp_count FROM `yyw_user_message` WHERE ( receiveid=138 and status = 1 ) LIMIT 1   [ RunTime:0.001000s ]

[ 2015-06-11T23:01:55+08:00 ] 127.0.0.1 /yyw/index.php/Home/District/loaddist
INFO: [ app_begin ] --START--
INFO: Run Behavior\ReadHtmlCacheBehavior [ RunTime:0.002000s ]
INFO: [ app_begin ] --END-- [ RunTime:0.005000s ]
NOTIC: [8192] mysql_connect(): The mysql extension is deprecated and will be removed in the future: use mysqli or PDO instead F:\wamp\www\yyw\ThinkPHP\Library\Think\Db\Driver\Mysql.class.php ç¬¬ 52 è¡Œ.
SQL: SHOW COLUMNS FROM `yyw_district` [ RunTime:0.008000s ]
SQL: SELECT * FROM `yyw_district` WHERE ( upid=0 )  [ RunTime:0.002000s ]

[ 2015-06-11T23:02:25+08:00 ] 127.0.0.1 /yyw/index.php/Home/Message/noRead
INFO: [ app_begin ] --START--
INFO: Run Behavior\ReadHtmlCacheBehavior [ RunTime:0.002000s ]
INFO: [ app_begin ] --END-- [ RunTime:0.003000s ]
NOTIC: [8192] mysql_connect(): The mysql extension is deprecated and will be removed in the future: use mysqli or PDO instead F:\wamp\www\yyw\ThinkPHP\Library\Think\Db\Driver\Mysql.class.php ç¬¬ 52 è¡Œ.
SQL: SHOW COLUMNS FROM `yyw_user` [ RunTime:0.009000s ]
NOTIC: [2] Missing argument 1 for Think\Model::field(), called in F:\wamp\www\yyw\App\Home\Controller\CommonController.class.php on line 13 and defined F:\wamp\www\yyw\ThinkPHP\Library\Think\Model.class.php ç¬¬ 1541 è¡Œ.
NOTIC: [8] Undefined variable: field F:\wamp\www\yyw\ThinkPHP\Library\Think\Model.class.php ç¬¬ 1542 è¡Œ.
NOTIC: [8] Undefined variable: field F:\wamp\www\yyw\ThinkPHP\Library\Think\Model.class.php ç¬¬ 1552 è¡Œ.
SQL: SELECT * FROM `yyw_user` WHERE ( `id` = 138 ) LIMIT 1   [ RunTime:0.001000s ]
SQL: SHOW COLUMNS FROM `yyw_user_message` [ RunTime:0.008000s ]
SQL: SELECT COUNT(*) AS tp_count FROM `yyw_user_message` WHERE ( receiveid=138 and status = 1 ) LIMIT 1   [ RunTime:0.001000s ]

[ 2015-06-11T23:02:26+08:00 ] 127.0.0.1 /yyw/index.php/Home/Greet/noRead
INFO: [ app_begin ] --START--
INFO: Run Behavior\ReadHtmlCacheBehavior [ RunTime:0.004000s ]
INFO: [ app_begin ] --END-- [ RunTime:0.006000s ]
NOTIC: [8192] mysql_connect(): The mysql extension is deprecated and will be removed in the future: use mysqli or PDO instead F:\wamp\www\yyw\ThinkPHP\Library\Think\Db\Driver\Mysql.class.php ç¬¬ 52 è¡Œ.
SQL: SHOW COLUMNS FROM `yyw_user` [ RunTime:0.005000s ]
NOTIC: [2] Missing argument 1 for Think\Model::field(), called in F:\wamp\www\yyw\App\Home\Controller\CommonController.class.php on line 13 and defined F:\wamp\www\yyw\ThinkPHP\Library\Think\Model.class.php ç¬¬ 1541 è¡Œ.
NOTIC: [8] Undefined variable: field F:\wamp\www\yyw\ThinkPHP\Library\Think\Model.class.php ç¬¬ 1542 è¡Œ.
NOTIC: [8] Undefined variable: field F:\wamp\www\yyw\ThinkPHP\Library\Think\Model.class.php ç¬¬ 1552 è¡Œ.
SQL: SELECT * FROM `yyw_user` WHERE ( `id` = 138 ) LIMIT 1   [ RunTime:0.000000s ]
SQL: SHOW COLUMNS FROM `yyw_hibox` [ RunTime:0.005000s ]
SQL: SELECT COUNT(*) AS tp_count FROM `yyw_hibox` WHERE ( touserid=138 and status = 1 ) LIMIT 1   [ RunTime:0.000000s ]

